Loading data...
Vocab size: 10002
Time usage: 0:00:03
<bound method Module.parameters of Model(
  (embedding): Embedding(10002, 300, padding_idx=10001)
  (conv_region): Conv2d(1, 250, kernel_size=(3, 300), stride=(1, 1))
  (conv): Conv2d(250, 250, kernel_size=(3, 1), stride=(1, 1))
  (max_pool): MaxPool2d(kernel_size=(3, 1), stride=2, padding=0, dilation=1, ceil_mode=False)
  (padding1): ZeroPad2d(padding=(0, 0, 1, 1), value=0.0)
  (padding2): ZeroPad2d(padding=(0, 0, 0, 1), value=0.0)
  (relu): ReLU()
  (fc): Linear(in_features=250, out_features=4, bias=True)
)>
Iter:      0,  Train Loss:   1.5,  Train Acc: 25.00%,  Val Loss:   3.4,  Val Acc: 25.00%,  Time: 0:00:01 *
Iter:    100,  Train Loss:  0.97,  Train Acc: 57.81%,  Val Loss:   1.1,  Val Acc: 52.33%,  Time: 0:00:03 *
Iter:    200,  Train Loss:  0.47,  Train Acc: 85.94%,  Val Loss:   0.7,  Val Acc: 72.42%,  Time: 0:00:06 *
Iter:    300,  Train Loss:  0.56,  Train Acc: 81.25%,  Val Loss:  0.61,  Val Acc: 76.73%,  Time: 0:00:09 *
Iter:    400,  Train Loss:  0.61,  Train Acc: 78.12%,  Val Loss:  0.51,  Val Acc: 80.55%,  Time: 0:00:11 *
Iter:    500,  Train Loss:  0.66,  Train Acc: 78.12%,  Val Loss:   0.5,  Val Acc: 81.30%,  Time: 0:00:14 *
Iter:    600,  Train Loss:  0.37,  Train Acc: 84.38%,  Val Loss:  0.43,  Val Acc: 83.48%,  Time: 0:00:16 *
Iter:    700,  Train Loss:  0.58,  Train Acc: 79.69%,  Val Loss:  0.43,  Val Acc: 84.32%,  Time: 0:00:19 *
Iter:    800,  Train Loss:  0.44,  Train Acc: 82.81%,  Val Loss:  0.48,  Val Acc: 82.27%,  Time: 0:00:22 
Iter:    900,  Train Loss:  0.37,  Train Acc: 82.81%,  Val Loss:  0.44,  Val Acc: 84.28%,  Time: 0:00:24 
Iter:   1000,  Train Loss:  0.23,  Train Acc: 90.62%,  Val Loss:  0.39,  Val Acc: 86.03%,  Time: 0:00:27 *
Iter:   1100,  Train Loss:  0.37,  Train Acc: 81.25%,  Val Loss:  0.39,  Val Acc: 86.07%,  Time: 0:00:30 *
Iter:   1200,  Train Loss:  0.25,  Train Acc: 95.31%,  Val Loss:  0.36,  Val Acc: 86.65%,  Time: 0:00:33 *
Iter:   1300,  Train Loss:  0.22,  Train Acc: 93.75%,  Val Loss:  0.34,  Val Acc: 87.55%,  Time: 0:00:35 *
Iter:   1400,  Train Loss:  0.36,  Train Acc: 89.06%,  Val Loss:  0.34,  Val Acc: 87.40%,  Time: 0:00:38 *
Iter:   1500,  Train Loss:  0.56,  Train Acc: 82.81%,  Val Loss:  0.32,  Val Acc: 88.25%,  Time: 0:00:40 *
Iter:   1600,  Train Loss:  0.24,  Train Acc: 90.62%,  Val Loss:  0.35,  Val Acc: 87.72%,  Time: 0:00:43 
Iter:   1700,  Train Loss:  0.34,  Train Acc: 87.50%,  Val Loss:  0.31,  Val Acc: 88.87%,  Time: 0:00:45 *
Iter:   1800,  Train Loss:  0.37,  Train Acc: 81.25%,  Val Loss:  0.36,  Val Acc: 87.52%,  Time: 0:00:48 
Iter:   1900,  Train Loss:  0.29,  Train Acc: 92.19%,  Val Loss:  0.32,  Val Acc: 88.87%,  Time: 0:00:51 
Iter:   2000,  Train Loss:  0.38,  Train Acc: 85.94%,  Val Loss:  0.32,  Val Acc: 88.87%,  Time: 0:00:53 
Iter:   2100,  Train Loss:  0.27,  Train Acc: 87.50%,  Val Loss:  0.32,  Val Acc: 88.35%,  Time: 0:00:56 
Iter:   2200,  Train Loss:  0.37,  Train Acc: 87.50%,  Val Loss:  0.33,  Val Acc: 88.25%,  Time: 0:00:58 
Iter:   2300,  Train Loss:  0.18,  Train Acc: 96.88%,  Val Loss:  0.32,  Val Acc: 87.95%,  Time: 0:01:01 
Iter:   2400,  Train Loss:  0.26,  Train Acc: 89.06%,  Val Loss:  0.31,  Val Acc: 89.22%,  Time: 0:01:03 *
Iter:   2500,  Train Loss:   0.2,  Train Acc: 93.75%,  Val Loss:  0.31,  Val Acc: 89.28%,  Time: 0:01:06 
Iter:   2600,  Train Loss:  0.22,  Train Acc: 90.62%,  Val Loss:  0.32,  Val Acc: 88.95%,  Time: 0:01:08 
Iter:   2700,  Train Loss:  0.14,  Train Acc: 96.88%,  Val Loss:  0.36,  Val Acc: 87.55%,  Time: 0:01:11 
Iter:   2800,  Train Loss:  0.21,  Train Acc: 93.75%,  Val Loss:  0.35,  Val Acc: 88.43%,  Time: 0:01:13 
Iter:   2900,  Train Loss:  0.17,  Train Acc: 95.31%,  Val Loss:  0.33,  Val Acc: 88.75%,  Time: 0:01:16 
Iter:   3000,  Train Loss:  0.12,  Train Acc: 95.31%,  Val Loss:  0.32,  Val Acc: 88.80%,  Time: 0:01:19 
Iter:   3100,  Train Loss:  0.24,  Train Acc: 89.06%,  Val Loss:   0.3,  Val Acc: 89.37%,  Time: 0:01:21 *
Iter:   3200,  Train Loss:  0.37,  Train Acc: 84.38%,  Val Loss:   0.3,  Val Acc: 89.30%,  Time: 0:01:24 
Iter:   3300,  Train Loss:  0.23,  Train Acc: 92.19%,  Val Loss:   0.3,  Val Acc: 89.63%,  Time: 0:01:26 
Iter:   3400,  Train Loss:  0.49,  Train Acc: 84.38%,  Val Loss:  0.31,  Val Acc: 88.95%,  Time: 0:01:28 
Iter:   3500,  Train Loss:  0.37,  Train Acc: 82.81%,  Val Loss:  0.29,  Val Acc: 90.08%,  Time: 0:01:31 *
Iter:   3600,  Train Loss:  0.16,  Train Acc: 95.31%,  Val Loss:  0.33,  Val Acc: 88.97%,  Time: 0:01:33 
Iter:   3700,  Train Loss:  0.39,  Train Acc: 87.50%,  Val Loss:  0.31,  Val Acc: 89.42%,  Time: 0:01:36 
Iter:   3800,  Train Loss:  0.15,  Train Acc: 98.44%,  Val Loss:  0.31,  Val Acc: 89.08%,  Time: 0:01:38 
Iter:   3900,  Train Loss:  0.23,  Train Acc: 92.19%,  Val Loss:  0.32,  Val Acc: 88.65%,  Time: 0:01:41 
Iter:   4000,  Train Loss:  0.15,  Train Acc: 93.75%,  Val Loss:  0.33,  Val Acc: 88.33%,  Time: 0:01:43 
Iter:   4100,  Train Loss:  0.25,  Train Acc: 92.19%,  Val Loss:  0.32,  Val Acc: 89.47%,  Time: 0:01:46 
Iter:   4200,  Train Loss:  0.11,  Train Acc: 96.88%,  Val Loss:  0.34,  Val Acc: 89.20%,  Time: 0:01:48 
Iter:   4300,  Train Loss:  0.23,  Train Acc: 85.94%,  Val Loss:  0.34,  Val Acc: 89.00%,  Time: 0:01:51 
Iter:   4400,  Train Loss:  0.18,  Train Acc: 90.62%,  Val Loss:  0.37,  Val Acc: 88.25%,  Time: 0:01:53 
Iter:   4500,  Train Loss:  0.25,  Train Acc: 92.19%,  Val Loss:  0.33,  Val Acc: 89.27%,  Time: 0:01:56 
No optimization for a long time, auto-stopping...
Test Loss:  0.29,  Test Acc: 90.34%
Precision, Recall and F1-Score...
              precision    recall  f1-score   support

       World     0.9046    0.9179    0.9112      1900
      Sports     0.9542    0.9653    0.9597      1900
    Business     0.8788    0.8547    0.8666      1900
    Sci/Tech     0.8749    0.8758    0.8753      1900

    accuracy                         0.9034      7600
   macro avg     0.9031    0.9034    0.9032      7600
weighted avg     0.9031    0.9034    0.9032      7600

Confusion Matrix...
[[1744   45   65   46]
 [  30 1834   16   20]
 [  81   23 1624  172]
 [  73   20  143 1664]]
Time usage: 0:00:00
