Loading data...
Vocab size: 10002
Time usage: 0:00:03
<bound method Module.parameters of Model(
  (embedding): Embedding(10002, 300, padding_idx=10001)
  (conv_region): Conv2d(1, 250, kernel_size=(3, 300), stride=(1, 1))
  (conv): Conv2d(250, 250, kernel_size=(3, 1), stride=(1, 1))
  (max_pool): MaxPool2d(kernel_size=(3, 1), stride=2, padding=0, dilation=1, ceil_mode=False)
  (padding1): ZeroPad2d(padding=(0, 0, 1, 1), value=0.0)
  (padding2): ZeroPad2d(padding=(0, 0, 0, 1), value=0.0)
  (relu): ReLU()
  (fc): Linear(in_features=250, out_features=4, bias=True)
)>
Iter:      0,  Train Loss:   1.5,  Train Acc: 25.00%,  Val Loss:   3.4,  Val Acc: 25.00%,  Time: 0:00:01 *
Iter:    100,  Train Loss:  0.98,  Train Acc: 56.25%,  Val Loss:   1.0,  Val Acc: 57.55%,  Time: 0:00:03 *
Iter:    200,  Train Loss:  0.55,  Train Acc: 79.69%,  Val Loss:   0.7,  Val Acc: 72.05%,  Time: 0:00:05 *
Iter:    300,  Train Loss:  0.59,  Train Acc: 79.69%,  Val Loss:  0.59,  Val Acc: 77.33%,  Time: 0:00:08 *
Iter:    400,  Train Loss:  0.59,  Train Acc: 81.25%,  Val Loss:  0.53,  Val Acc: 79.93%,  Time: 0:00:10 *
Iter:    500,  Train Loss:   0.6,  Train Acc: 76.56%,  Val Loss:   0.5,  Val Acc: 81.38%,  Time: 0:00:13 *
Iter:    600,  Train Loss:  0.54,  Train Acc: 84.38%,  Val Loss:  0.48,  Val Acc: 81.88%,  Time: 0:00:15 *
Iter:    700,  Train Loss:  0.66,  Train Acc: 78.12%,  Val Loss:  0.44,  Val Acc: 83.62%,  Time: 0:00:17 *
Iter:    800,  Train Loss:  0.52,  Train Acc: 76.56%,  Val Loss:  0.46,  Val Acc: 83.05%,  Time: 0:00:20 
Iter:    900,  Train Loss:  0.49,  Train Acc: 79.69%,  Val Loss:  0.44,  Val Acc: 83.72%,  Time: 0:00:22 *
Iter:   1000,  Train Loss:  0.36,  Train Acc: 87.50%,  Val Loss:  0.42,  Val Acc: 85.03%,  Time: 0:00:24 *
Iter:   1100,  Train Loss:   0.4,  Train Acc: 79.69%,  Val Loss:  0.41,  Val Acc: 84.77%,  Time: 0:00:27 *
Iter:   1200,  Train Loss:  0.42,  Train Acc: 87.50%,  Val Loss:   0.4,  Val Acc: 85.40%,  Time: 0:00:29 *
Iter:   1300,  Train Loss:  0.26,  Train Acc: 92.19%,  Val Loss:  0.37,  Val Acc: 86.33%,  Time: 0:00:31 *
Iter:   1400,  Train Loss:  0.38,  Train Acc: 89.06%,  Val Loss:  0.37,  Val Acc: 86.93%,  Time: 0:00:33 *
Iter:   1500,  Train Loss:  0.53,  Train Acc: 87.50%,  Val Loss:  0.36,  Val Acc: 86.68%,  Time: 0:00:36 *
Iter:   1600,  Train Loss:  0.26,  Train Acc: 90.62%,  Val Loss:  0.36,  Val Acc: 87.00%,  Time: 0:00:38 *
Iter:   1700,  Train Loss:  0.29,  Train Acc: 90.62%,  Val Loss:  0.34,  Val Acc: 87.60%,  Time: 0:00:40 *
Iter:   1800,  Train Loss:  0.43,  Train Acc: 82.81%,  Val Loss:  0.37,  Val Acc: 86.80%,  Time: 0:00:42 
Iter:   1900,  Train Loss:  0.28,  Train Acc: 89.06%,  Val Loss:  0.35,  Val Acc: 87.47%,  Time: 0:00:44 
Iter:   2000,  Train Loss:   0.5,  Train Acc: 79.69%,  Val Loss:  0.35,  Val Acc: 87.52%,  Time: 0:00:46 
Iter:   2100,  Train Loss:  0.31,  Train Acc: 87.50%,  Val Loss:  0.34,  Val Acc: 87.30%,  Time: 0:00:48 *
Iter:   2200,  Train Loss:  0.44,  Train Acc: 87.50%,  Val Loss:  0.35,  Val Acc: 86.83%,  Time: 0:00:50 
Iter:   2300,  Train Loss:  0.21,  Train Acc: 92.19%,  Val Loss:  0.34,  Val Acc: 87.70%,  Time: 0:00:52 
Iter:   2400,  Train Loss:  0.25,  Train Acc: 89.06%,  Val Loss:  0.33,  Val Acc: 88.10%,  Time: 0:00:54 *
Iter:   2500,  Train Loss:  0.17,  Train Acc: 96.88%,  Val Loss:  0.34,  Val Acc: 88.13%,  Time: 0:00:56 
Iter:   2600,  Train Loss:  0.22,  Train Acc: 92.19%,  Val Loss:  0.35,  Val Acc: 87.43%,  Time: 0:00:58 
Iter:   2700,  Train Loss:  0.28,  Train Acc: 90.62%,  Val Loss:  0.36,  Val Acc: 86.65%,  Time: 0:01:00 
Iter:   2800,  Train Loss:  0.25,  Train Acc: 92.19%,  Val Loss:  0.33,  Val Acc: 88.03%,  Time: 0:01:03 
Iter:   2900,  Train Loss:  0.23,  Train Acc: 89.06%,  Val Loss:  0.34,  Val Acc: 87.72%,  Time: 0:01:05 
Iter:   3000,  Train Loss:  0.16,  Train Acc: 93.75%,  Val Loss:  0.33,  Val Acc: 88.20%,  Time: 0:01:07 *
Iter:   3100,  Train Loss:   0.2,  Train Acc: 93.75%,  Val Loss:  0.32,  Val Acc: 88.55%,  Time: 0:01:09 *
Iter:   3200,  Train Loss:  0.27,  Train Acc: 89.06%,  Val Loss:  0.32,  Val Acc: 88.32%,  Time: 0:01:11 
Iter:   3300,  Train Loss:  0.28,  Train Acc: 89.06%,  Val Loss:  0.33,  Val Acc: 88.57%,  Time: 0:01:13 
Iter:   3400,  Train Loss:  0.32,  Train Acc: 89.06%,  Val Loss:  0.31,  Val Acc: 88.98%,  Time: 0:01:15 *
Iter:   3500,  Train Loss:  0.43,  Train Acc: 82.81%,  Val Loss:  0.31,  Val Acc: 88.73%,  Time: 0:01:17 
Iter:   3600,  Train Loss:  0.22,  Train Acc: 89.06%,  Val Loss:  0.32,  Val Acc: 88.80%,  Time: 0:01:20 
Iter:   3700,  Train Loss:  0.43,  Train Acc: 84.38%,  Val Loss:  0.32,  Val Acc: 88.13%,  Time: 0:01:22 
Iter:   3800,  Train Loss:  0.14,  Train Acc: 96.88%,  Val Loss:  0.32,  Val Acc: 88.38%,  Time: 0:01:24 
Iter:   3900,  Train Loss:  0.24,  Train Acc: 90.62%,  Val Loss:  0.32,  Val Acc: 88.50%,  Time: 0:01:27 
Iter:   4000,  Train Loss:  0.16,  Train Acc: 95.31%,  Val Loss:  0.33,  Val Acc: 88.35%,  Time: 0:01:29 
Iter:   4100,  Train Loss:  0.24,  Train Acc: 90.62%,  Val Loss:  0.34,  Val Acc: 88.55%,  Time: 0:01:31 
Iter:   4200,  Train Loss:  0.13,  Train Acc: 95.31%,  Val Loss:  0.32,  Val Acc: 88.53%,  Time: 0:01:33 
Iter:   4300,  Train Loss:  0.28,  Train Acc: 87.50%,  Val Loss:  0.33,  Val Acc: 88.03%,  Time: 0:01:35 
Iter:   4400,  Train Loss:  0.26,  Train Acc: 87.50%,  Val Loss:  0.37,  Val Acc: 87.52%,  Time: 0:01:38 
No optimization for a long time, auto-stopping...
Test Loss:  0.32,  Test Acc: 88.67%
Precision, Recall and F1-Score...
              precision    recall  f1-score   support

       World     0.8876    0.9063    0.8969      1900
      Sports     0.9427    0.9616    0.9521      1900
    Business     0.8267    0.8711    0.8483      1900
    Sci/Tech     0.8924    0.8079    0.8481      1900

    accuracy                         0.8867      7600
   macro avg     0.8874    0.8867    0.8863      7600
weighted avg     0.8874    0.8867    0.8863      7600

Confusion Matrix...
[[1722   50   91   37]
 [  39 1827   27    7]
 [  76   28 1655  141]
 [ 103   33  229 1535]]
Time usage: 0:00:00
