Loading data...
Vocab size: 10002
Time usage: 0:00:03
<bound method Module.parameters of Model(
  (embedding): Embedding(10002, 300, padding_idx=10001)
  (lstm): LSTM(300, 128, num_layers=2, batch_first=True, dropout=0.5, bidirectional=True)
  (fc): Linear(in_features=256, out_features=4, bias=True)
)>
Iter:      0,  Train Loss:   1.4,  Train Acc: 25.00%,  Val Loss:   1.4,  Val Acc: 24.97%,  Time: 0:00:01 *
Iter:    100,  Train Loss:   1.4,  Train Acc: 29.69%,  Val Loss:   1.4,  Val Acc: 25.28%,  Time: 0:00:06 *
Iter:    200,  Train Loss:   1.4,  Train Acc: 26.56%,  Val Loss:   1.4,  Val Acc: 25.58%,  Time: 0:00:10 *
Iter:    300,  Train Loss:   1.4,  Train Acc: 26.56%,  Val Loss:   1.4,  Val Acc: 24.85%,  Time: 0:00:14 
Iter:    400,  Train Loss:   1.4,  Train Acc: 26.56%,  Val Loss:   1.4,  Val Acc: 31.20%,  Time: 0:00:19 *
Iter:    500,  Train Loss:   1.3,  Train Acc: 31.25%,  Val Loss:   1.3,  Val Acc: 32.08%,  Time: 0:00:24 *
Iter:    600,  Train Loss:   1.4,  Train Acc: 32.81%,  Val Loss:   1.3,  Val Acc: 31.58%,  Time: 0:00:28 
Iter:    700,  Train Loss:   1.3,  Train Acc: 34.38%,  Val Loss:   1.3,  Val Acc: 37.20%,  Time: 0:00:33 *
Iter:    800,  Train Loss:   1.4,  Train Acc: 25.00%,  Val Loss:   1.3,  Val Acc: 29.53%,  Time: 0:00:37 
Iter:    900,  Train Loss:   1.5,  Train Acc: 26.56%,  Val Loss:   1.3,  Val Acc: 34.67%,  Time: 0:00:42 *
Iter:   1000,  Train Loss:   1.2,  Train Acc: 42.19%,  Val Loss:   1.3,  Val Acc: 38.78%,  Time: 0:00:46 *
Iter:   1100,  Train Loss:   1.4,  Train Acc: 32.81%,  Val Loss:   1.2,  Val Acc: 42.87%,  Time: 0:00:50 *
Iter:   1200,  Train Loss:   1.2,  Train Acc: 50.00%,  Val Loss:   1.2,  Val Acc: 46.53%,  Time: 0:00:55 *
Iter:   1300,  Train Loss:   1.1,  Train Acc: 57.81%,  Val Loss:   1.2,  Val Acc: 45.77%,  Time: 0:00:59 *
Iter:   1400,  Train Loss:   1.1,  Train Acc: 42.19%,  Val Loss:   1.1,  Val Acc: 49.75%,  Time: 0:01:03 *
Iter:   1500,  Train Loss:   1.3,  Train Acc: 39.06%,  Val Loss:   1.1,  Val Acc: 49.28%,  Time: 0:01:08 *
Iter:   1600,  Train Loss:   1.2,  Train Acc: 43.75%,  Val Loss:   1.1,  Val Acc: 44.57%,  Time: 0:01:12 *
Iter:   1700,  Train Loss:   1.1,  Train Acc: 46.88%,  Val Loss:   1.2,  Val Acc: 37.02%,  Time: 0:01:17 
Iter:   1800,  Train Loss:   1.2,  Train Acc: 42.19%,  Val Loss:   1.1,  Val Acc: 42.60%,  Time: 0:01:21 
Iter:   1900,  Train Loss:   1.1,  Train Acc: 43.75%,  Val Loss:   1.1,  Val Acc: 49.87%,  Time: 0:01:26 *
Iter:   2000,  Train Loss:   1.1,  Train Acc: 51.56%,  Val Loss:   1.0,  Val Acc: 55.17%,  Time: 0:01:30 *
Iter:   2100,  Train Loss:  0.83,  Train Acc: 65.62%,  Val Loss:  0.93,  Val Acc: 59.42%,  Time: 0:01:35 *
Iter:   2200,  Train Loss:  0.87,  Train Acc: 67.19%,  Val Loss:  0.88,  Val Acc: 60.92%,  Time: 0:01:39 *
Iter:   2300,  Train Loss:  0.77,  Train Acc: 73.44%,  Val Loss:  0.81,  Val Acc: 63.90%,  Time: 0:01:43 *
Iter:   2400,  Train Loss:  0.81,  Train Acc: 64.06%,  Val Loss:  0.77,  Val Acc: 65.32%,  Time: 0:01:48 *
Iter:   2500,  Train Loss:  0.69,  Train Acc: 62.50%,  Val Loss:  0.76,  Val Acc: 65.95%,  Time: 0:01:52 *
Iter:   2600,  Train Loss:   0.6,  Train Acc: 76.56%,  Val Loss:   0.7,  Val Acc: 69.10%,  Time: 0:01:56 *
Iter:   2700,  Train Loss:  0.53,  Train Acc: 81.25%,  Val Loss:  0.67,  Val Acc: 70.47%,  Time: 0:02:01 *
Iter:   2800,  Train Loss:  0.77,  Train Acc: 76.56%,  Val Loss:  0.65,  Val Acc: 72.83%,  Time: 0:02:06 *
Iter:   2900,  Train Loss:  0.56,  Train Acc: 79.69%,  Val Loss:  0.62,  Val Acc: 75.80%,  Time: 0:02:10 *
Iter:   3000,  Train Loss:   0.6,  Train Acc: 78.12%,  Val Loss:  0.55,  Val Acc: 79.87%,  Time: 0:02:15 *
Iter:   3100,  Train Loss:  0.56,  Train Acc: 75.00%,  Val Loss:  0.52,  Val Acc: 81.28%,  Time: 0:02:19 *
Iter:   3200,  Train Loss:  0.42,  Train Acc: 84.38%,  Val Loss:   0.5,  Val Acc: 82.35%,  Time: 0:02:24 *
Iter:   3300,  Train Loss:  0.54,  Train Acc: 84.38%,  Val Loss:  0.48,  Val Acc: 83.65%,  Time: 0:02:28 *
Iter:   3400,  Train Loss:  0.53,  Train Acc: 81.25%,  Val Loss:  0.45,  Val Acc: 84.32%,  Time: 0:02:33 *
Iter:   3500,  Train Loss:  0.65,  Train Acc: 79.69%,  Val Loss:  0.43,  Val Acc: 84.93%,  Time: 0:02:37 *
Iter:   3600,  Train Loss:  0.49,  Train Acc: 82.81%,  Val Loss:  0.44,  Val Acc: 84.63%,  Time: 0:02:42 
Iter:   3700,  Train Loss:  0.54,  Train Acc: 81.25%,  Val Loss:  0.41,  Val Acc: 86.12%,  Time: 0:02:47 *
Iter:   3800,  Train Loss:  0.46,  Train Acc: 84.38%,  Val Loss:   0.4,  Val Acc: 86.18%,  Time: 0:02:51 *
Iter:   3900,  Train Loss:  0.46,  Train Acc: 85.94%,  Val Loss:  0.38,  Val Acc: 87.08%,  Time: 0:02:56 *
Iter:   4000,  Train Loss:  0.36,  Train Acc: 87.50%,  Val Loss:  0.37,  Val Acc: 87.50%,  Time: 0:03:00 *
Iter:   4100,  Train Loss:  0.49,  Train Acc: 81.25%,  Val Loss:  0.37,  Val Acc: 87.55%,  Time: 0:03:05 *
Iter:   4200,  Train Loss:   0.3,  Train Acc: 89.06%,  Val Loss:  0.35,  Val Acc: 87.87%,  Time: 0:03:09 *
Iter:   4300,  Train Loss:   0.4,  Train Acc: 85.94%,  Val Loss:  0.35,  Val Acc: 87.37%,  Time: 0:03:14 
Iter:   4400,  Train Loss:  0.43,  Train Acc: 84.38%,  Val Loss:  0.35,  Val Acc: 87.57%,  Time: 0:03:18 *
Iter:   4500,  Train Loss:  0.51,  Train Acc: 84.38%,  Val Loss:  0.36,  Val Acc: 87.85%,  Time: 0:03:23 
Iter:   4600,  Train Loss:  0.22,  Train Acc: 95.31%,  Val Loss:  0.34,  Val Acc: 88.17%,  Time: 0:03:27 *
Iter:   4700,  Train Loss:  0.42,  Train Acc: 85.94%,  Val Loss:  0.35,  Val Acc: 87.58%,  Time: 0:03:32 
Iter:   4800,  Train Loss:   0.4,  Train Acc: 89.06%,  Val Loss:  0.34,  Val Acc: 88.42%,  Time: 0:03:36 *
Iter:   4900,  Train Loss:  0.32,  Train Acc: 89.06%,  Val Loss:  0.33,  Val Acc: 88.70%,  Time: 0:03:40 *
Iter:   5000,  Train Loss:  0.45,  Train Acc: 85.94%,  Val Loss:  0.33,  Val Acc: 88.60%,  Time: 0:03:45 *
Iter:   5100,  Train Loss:  0.27,  Train Acc: 95.31%,  Val Loss:  0.33,  Val Acc: 88.52%,  Time: 0:03:49 
Iter:   5200,  Train Loss:  0.33,  Train Acc: 90.62%,  Val Loss:  0.32,  Val Acc: 88.50%,  Time: 0:03:54 *
Iter:   5300,  Train Loss:  0.24,  Train Acc: 93.75%,  Val Loss:  0.32,  Val Acc: 88.60%,  Time: 0:03:58 *
Iter:   5400,  Train Loss:  0.29,  Train Acc: 92.19%,  Val Loss:  0.33,  Val Acc: 88.32%,  Time: 0:04:03 
Iter:   5500,  Train Loss:  0.37,  Train Acc: 87.50%,  Val Loss:  0.32,  Val Acc: 88.95%,  Time: 0:04:07 *
Iter:   5600,  Train Loss:  0.45,  Train Acc: 85.94%,  Val Loss:  0.31,  Val Acc: 88.70%,  Time: 0:04:12 *
Iter:   5700,  Train Loss:  0.19,  Train Acc: 93.75%,  Val Loss:  0.32,  Val Acc: 88.63%,  Time: 0:04:16 
Iter:   5800,  Train Loss: 0.094,  Train Acc: 98.44%,  Val Loss:  0.33,  Val Acc: 88.55%,  Time: 0:04:21 
Iter:   5900,  Train Loss:  0.34,  Train Acc: 89.06%,  Val Loss:  0.32,  Val Acc: 88.97%,  Time: 0:04:25 
Iter:   6000,  Train Loss:   0.2,  Train Acc: 95.31%,  Val Loss:  0.31,  Val Acc: 89.13%,  Time: 0:04:30 *
Iter:   6100,  Train Loss:   0.2,  Train Acc: 93.75%,  Val Loss:  0.32,  Val Acc: 88.67%,  Time: 0:04:34 
Iter:   6200,  Train Loss:   0.3,  Train Acc: 89.06%,  Val Loss:  0.31,  Val Acc: 88.98%,  Time: 0:04:39 *
Iter:   6300,  Train Loss:   0.3,  Train Acc: 89.06%,  Val Loss:  0.32,  Val Acc: 89.10%,  Time: 0:04:44 
Iter:   6400,  Train Loss:  0.45,  Train Acc: 87.50%,  Val Loss:  0.31,  Val Acc: 89.23%,  Time: 0:04:47 
Iter:   6500,  Train Loss:  0.25,  Train Acc: 90.62%,  Val Loss:   0.3,  Val Acc: 89.58%,  Time: 0:04:52 *
Iter:   6600,  Train Loss:  0.17,  Train Acc: 96.88%,  Val Loss:   0.3,  Val Acc: 89.52%,  Time: 0:04:56 
Iter:   6700,  Train Loss:  0.11,  Train Acc: 96.88%,  Val Loss:   0.3,  Val Acc: 89.62%,  Time: 0:05:01 
Iter:   6800,  Train Loss:  0.32,  Train Acc: 87.50%,  Val Loss:  0.31,  Val Acc: 89.45%,  Time: 0:05:06 
Iter:   6900,  Train Loss:  0.33,  Train Acc: 90.62%,  Val Loss:  0.32,  Val Acc: 89.38%,  Time: 0:05:10 
Iter:   7000,  Train Loss:  0.21,  Train Acc: 93.75%,  Val Loss:   0.3,  Val Acc: 89.55%,  Time: 0:05:15 *
Iter:   7100,  Train Loss:  0.38,  Train Acc: 90.62%,  Val Loss:   0.3,  Val Acc: 89.58%,  Time: 0:05:19 *
Iter:   7200,  Train Loss:  0.21,  Train Acc: 93.75%,  Val Loss:   0.3,  Val Acc: 89.70%,  Time: 0:05:24 
Iter:   7300,  Train Loss:  0.25,  Train Acc: 90.62%,  Val Loss:   0.3,  Val Acc: 89.42%,  Time: 0:05:28 
Iter:   7400,  Train Loss:  0.31,  Train Acc: 89.06%,  Val Loss:  0.31,  Val Acc: 89.25%,  Time: 0:05:33 
Iter:   7500,  Train Loss:  0.13,  Train Acc: 96.88%,  Val Loss:  0.32,  Val Acc: 88.92%,  Time: 0:05:37 
Iter:   7600,  Train Loss:  0.31,  Train Acc: 89.06%,  Val Loss:  0.32,  Val Acc: 89.17%,  Time: 0:05:42 
Iter:   7700,  Train Loss:  0.24,  Train Acc: 90.62%,  Val Loss:  0.33,  Val Acc: 88.17%,  Time: 0:05:47 
Iter:   7800,  Train Loss:  0.14,  Train Acc: 95.31%,  Val Loss:  0.32,  Val Acc: 89.03%,  Time: 0:05:51 
Iter:   7900,  Train Loss:  0.17,  Train Acc: 95.31%,  Val Loss:  0.31,  Val Acc: 89.40%,  Time: 0:05:56 
Iter:   8000,  Train Loss:  0.36,  Train Acc: 89.06%,  Val Loss:  0.31,  Val Acc: 89.37%,  Time: 0:06:00 
Iter:   8100,  Train Loss:  0.25,  Train Acc: 92.19%,  Val Loss:  0.31,  Val Acc: 89.42%,  Time: 0:06:05 
No optimization for a long time, auto-stopping...
Test Loss:  0.31,  Test Acc: 89.99%
Precision, Recall and F1-Score...
              precision    recall  f1-score   support

       World     0.8941    0.9016    0.8978      1900
      Sports     0.9441    0.9689    0.9564      1900
    Business     0.8814    0.8568    0.8690      1900
    Sci/Tech     0.8781    0.8721    0.8751      1900

    accuracy                         0.8999      7600
   macro avg     0.8994    0.8999    0.8996      7600
weighted avg     0.8994    0.8999    0.8996      7600

Confusion Matrix...
[[1713   62   68   57]
 [  41 1841   10    8]
 [  80   27 1628  165]
 [  82   20  141 1657]]
Time usage: 0:00:01
